[uWSGI] getting INI configuration from uwsgi.ini
*** Starting uWSGI 1.9.17.1-debian (64bit) on [Fri Dec 16 04:44:22 2016] ***
compiled with version: 4.8.2 on 23 March 2014 17:15:32
os: Linux-4.4.0-36-generic #55~14.04.1-Ubuntu SMP Fri Aug 12 11:49:30 UTC 2016
nodename: stemserver
machine: x86_64
clock source: unix
pcre jit disabled
detected number of CPU cores: 4
current working directory: /home/stem_admin/homepage
detected binary path: /usr/bin/uwsgi-core
uWSGI running as root, you can use --uid/--gid/--chroot options
*** WARNING: you are running uWSGI as root !!! (use the --uid flag) *** 
your processes number limit is 23643
your memory page size is 4096 bytes
detected max file descriptor number: 1024
lock engine: pthread robust mutexes
thunder lock: disabled (you can enable it with --thunder-lock)
uwsgi socket 0 bound to UNIX address stem.sock fd 3
your server socket listen backlog is limited to 100 connections
your mercy for graceful operations on workers is 60 seconds
mapped 1281807 bytes (1251 KB) for 8 cores
*** Operational MODE: preforking ***
*** no app loaded. going in full dynamic mode ***
*** uWSGI is running in multiple interpreter mode ***
!!!!!!!!!!!!!! WARNING !!!!!!!!!!!!!!
no request plugin is loaded, you will not be able to manage requests.
you may need to install the package for your language of choice, or simply load it with --plugin.
!!!!!!!!!!! END OF WARNING !!!!!!!!!!
spawned uWSGI master process (pid: 15060)
spawned uWSGI worker 1 (pid: 15061, cores: 1)
spawned uWSGI worker 2 (pid: 15062, cores: 1)
spawned uWSGI worker 3 (pid: 15063, cores: 1)
spawned uWSGI worker 4 (pid: 15064, cores: 1)
spawned uWSGI worker 5 (pid: 15065, cores: 1)
spawned uWSGI worker 6 (pid: 15066, cores: 1)
spawned uWSGI worker 7 (pid: 15067, cores: 1)
spawned uWSGI worker 8 (pid: 15068, cores: 1)
SIGINT/SIGQUIT received...killing workers...
worker 1 buried after 0 seconds
worker 2 buried after 0 seconds
worker 3 buried after 0 seconds
worker 4 buried after 0 seconds
worker 5 buried after 0 seconds
worker 6 buried after 0 seconds
worker 7 buried after 0 seconds
worker 8 buried after 0 seconds
goodbye to uWSGI.
